<?xml version="1.0" encoding="UTF-8"?>
<!-- Generated by org.testng.reporters.JUnitXMLReporter -->
<testsuite ignored="0" hostname="DESKTOP-K66FFMU" failures="2" tests="4" name="Test" time="0.269" errors="0" timestamp="2021-05-02T21:46:11 IST">
  <testcase classname="testpackage.InheritTst" name="dup" time="0.017"/>
  <testcase classname="testpackage.InheritTst" name="g123" time="0.194">
    <failure type="java.lang.NoClassDefFoundError" message="com/fasterxml/jackson/core/type/TypeReference">
      <![CDATA[java.lang.NoClassDefFoundError: com/fasterxml/jackson/core/type/TypeReference
at java.base/java.lang.Class.getDeclaredConstructors0(Native Method)
at java.base/java.lang.Class.privateGetDeclaredConstructors(Class.java:3296)
at java.base/java.lang.Class.getConstructor0(Class.java:3501)
at java.base/java.lang.Class.getConstructor(Class.java:2244)
at org.apache.logging.log4j.util.LoaderUtil.newInstanceOf(LoaderUtil.java:187)
at org.apache.logging.log4j.util.LoaderUtil.newInstanceOf(LoaderUtil.java:209)
at org.apache.logging.log4j.util.LoaderUtil.newCheckedInstanceOf(LoaderUtil.java:230)
at org.apache.logging.log4j.core.util.Loader.newCheckedInstanceOf(Loader.java:311)
at org.apache.logging.log4j.core.lookup.Interpolator.<init>(Interpolator.java:139)
at org.apache.logging.log4j.core.config.AbstractConfiguration.<init>(AbstractConfiguration.java:129)
at org.apache.logging.log4j.core.config.NullConfiguration.<init>(NullConfiguration.java:32)
at org.apache.logging.log4j.core.LoggerContext.<clinit>(LoggerContext.java:87)
at java.base/java.lang.Class.forName0(Native Method)
at java.base/java.lang.Class.forName(Class.java:377)
at org.apache.log4j.LogManager.<clinit>(LogManager.java:76)
at org.apache.log4j.Category.<init>(Category.java:83)
at org.apache.log4j.Logger.<init>(Logger.java:33)
at org.apache.log4j.Category$PrivateAdapter.newLogger(Category.java:523)
at org.apache.log4j.Category.getInstance(Category.java:124)
at org.apache.log4j.Category.getInstance(Category.java:104)
at org.apache.log4j.Logger.getLogger(Logger.java:37)
at testpackage.InheritTst.g123(InheritTst.java:19)
at java.base/java.util.ArrayList.forEach(ArrayList.java:1511)
Caused by: java.lang.ClassNotFoundException: com.fasterxml.jackson.core.type.TypeReference
at java.base/jdk.internal.loader.BuiltinClassLoader.loadClass(BuiltinClassLoader.java:606)
at java.base/jdk.internal.loader.ClassLoaders$AppClassLoader.loadClass(ClassLoaders.java:168)
at java.base/java.lang.ClassLoader.loadClass(ClassLoader.java:522)
... 50 more
... Removed 27 stack frames]]>
    </failure>
  </testcase> <!-- g123 -->
  <testcase classname="testpackage.InheritTst" name="g2test" time="0.002">
    <failure type="java.lang.NoClassDefFoundError" message="Could not initialize class org.apache.log4j.LogManager">
      <![CDATA[java.lang.NoClassDefFoundError: Could not initialize class org.apache.log4j.LogManager
at org.apache.log4j.Category.<init>(Category.java:83)
at org.apache.log4j.Logger.<init>(Logger.java:33)
at org.apache.log4j.Category$PrivateAdapter.newLogger(Category.java:523)
at org.apache.log4j.Category.getInstance(Category.java:124)
at org.apache.log4j.Category.getInstance(Category.java:104)
at org.apache.log4j.Logger.getLogger(Logger.java:37)
at testpackage.InheritTst.g2test(InheritTst.java:39)
at java.base/java.util.ArrayList.forEach(ArrayList.java:1511)
... Removed 27 stack frames]]>
    </failure>
  </testcase> <!-- g2test -->
  <testcase classname="testpackage.InheritTst" name="newtest" time="0.002"/>
</testsuite> <!-- Test -->
