<?xml version="1.0" encoding="UTF-8"?>
<testng-results skipped="0" failed="0" ignored="0" total="1" passed="1">
  <reporter-output>
  </reporter-output>
  <suite name="Default suite" duration-ms="49642" started-at="2021-05-16T00:55:08 IST" finished-at="2021-05-16T00:55:58 IST">
    <groups>
    </groups>
    <test name="Default test" duration-ms="49642" started-at="2021-05-16T00:55:08 IST" finished-at="2021-05-16T00:55:58 IST">
      <class name="testpackage.SelTest">
        <test-method status="PASS" signature="firstAutoTest()[pri:0, instance:testpackage.SelTest@10d59286]" name="firstAutoTest" duration-ms="49552" started-at="2021-05-16T00:55:08 IST" finished-at="2021-05-16T00:55:58 IST">
          <reporter-output>
          </reporter-output>
        </test-method> <!-- firstAutoTest -->
      </class> <!-- testpackage.SelTest -->
    </test> <!-- Default test -->
  </suite> <!-- Default suite -->
</testng-results>
